

================================================================
== Vivado HLS Report for 'canny_Mat2AXIvideo_8_1022_1022_0_s'
================================================================
* Date:           Fri Jul 06 13:00:31 2018

* Version:        2015.4 (Build 1412921 on Wed Nov 18 09:58:55 AM 2015)
* Project:        cannyedge
* Solution:       solution1
* Product family: zynq
* Target device:  xc7z020clg484-1


================================================================
== Performance Estimates
================================================================
+ Timing (ns): 
    * Summary: 
    +--------+-------+----------+------------+
    |  Clock | Target| Estimated| Uncertainty|
    +--------+-------+----------+------------+
    |ap_clk  |   5.00|      3.44|        0.63|
    +--------+-------+----------+------------+

+ Latency (clock cycles): 
    * Summary: 
    +---------+---------+---------+---------+---------+
    |      Latency      |      Interval     | Pipeline|
    |   min   |   max   |   min   |   max   |   Type  |
    +---------+---------+---------+---------+---------+
    |  1047551|  1047551|  1047551|  1047551|   none  |
    +---------+---------+---------+---------+---------+

    + Detail: 
        * Instance: 
        N/A

        * Loop: 
        +---------------+---------+---------+----------+-----------+-----------+------+----------+
        |               |      Latency      | Iteration|  Initiation Interval  | Trip |          |
        |   Loop Name   |   min   |   max   |  Latency |  achieved |   target  | Count| Pipelined|
        +---------------+---------+---------+----------+-----------+-----------+------+----------+
        |- loop_height  |  1047550|  1047550|      1025|          -|          -|  1022|    no    |
        | + loop_width  |     1022|     1022|         2|          1|          1|  1022|    yes   |
        +---------------+---------+---------+----------+-----------+-----------+------+----------+



================================================================
== Utilization Estimates
================================================================
* Summary: 
+-----------------+---------+-------+--------+-------+
|       Name      | BRAM_18K| DSP48E|   FF   |  LUT  |
+-----------------+---------+-------+--------+-------+
|DSP              |        -|      -|       -|      -|
|Expression       |        -|      -|       0|     34|
|FIFO             |        -|      -|       -|      -|
|Instance         |        -|      -|       -|      -|
|Memory           |        -|      -|       -|      -|
|Multiplexer      |        -|      -|       -|     22|
|Register         |        -|      -|      41|      -|
+-----------------+---------+-------+--------+-------+
|Total            |        0|      0|      41|     56|
+-----------------+---------+-------+--------+-------+
|Available        |      280|    220|  106400|  53200|
+-----------------+---------+-------+--------+-------+
|Utilization (%)  |        0|      0|   ~0   |   ~0  |
+-----------------+---------+-------+--------+-------+

+ Detail: 
    * Instance: 
    N/A

    * DSP48: 
    N/A

    * Memory: 
    N/A

    * FIFO: 
    N/A

    * Expression: 
    +----------------------+----------+-------+---+----+------------+------------+
    |     Variable Name    | Operation| DSP48E| FF| LUT| Bitwidth P0| Bitwidth P1|
    +----------------------+----------+-------+---+----+------------+------------+
    |i_V_fu_143_p2         |     +    |      0|  0|  10|          10|           1|
    |j_V_fu_155_p2         |     +    |      0|  0|  10|          10|           1|
    |ap_sig_bdd_71         |    and   |      0|  0|   1|           1|           1|
    |axi_last_V_fu_161_p2  |   icmp   |      0|  0|   4|          10|           3|
    |exitcond1_fu_137_p2   |   icmp   |      0|  0|   4|          10|           3|
    |exitcond_fu_149_p2    |   icmp   |      0|  0|   4|          10|           3|
    |ap_sig_bdd_100        |    or    |      0|  0|   1|           1|           1|
    +----------------------+----------+-------+---+----+------------+------------+
    |Total                 |          |      0|  0|  34|          52|          13|
    +----------------------+----------+-------+---+----+------------+------------+

    * Multiplexer: 
    +-------------------------------------+----+-----------+-----+-----------+
    |                 Name                | LUT| Input Size| Bits| Total Bits|
    +-------------------------------------+----+-----------+-----+-----------+
    |ap_NS_fsm                            |   1|          5|    1|          5|
    |ap_sig_ioackin_output_stream_TREADY  |   1|          2|    1|          2|
    |p_5_reg_121                          |  10|          2|   10|         20|
    |p_s_reg_110                          |  10|          2|   10|         20|
    +-------------------------------------+----+-----------+-----+-----------+
    |Total                                |  22|         11|   22|         47|
    +-------------------------------------+----+-----------+-----+-----------+

    * Register: 
    +-------------------------------------+----+----+-----+-----------+
    |                 Name                | FF | LUT| Bits| Const Bits|
    +-------------------------------------+----+----+-----+-----------+
    |ap_CS_fsm                            |   4|   0|    4|          0|
    |ap_done_reg                          |   1|   0|    1|          0|
    |ap_reg_ioackin_output_stream_TREADY  |   1|   0|    1|          0|
    |ap_reg_ppiten_pp0_it0                |   1|   0|    1|          0|
    |ap_reg_ppiten_pp0_it1                |   1|   0|    1|          0|
    |axi_last_V_reg_201                   |   1|   0|    1|          0|
    |exitcond_reg_192                     |   1|   0|    1|          0|
    |i_V_reg_187                          |  10|   0|   10|          0|
    |p_5_reg_121                          |  10|   0|   10|          0|
    |p_s_reg_110                          |  10|   0|   10|          0|
    |tmp_user_V_fu_70                     |   1|   0|    1|          0|
    +-------------------------------------+----+----+-----+-----------+
    |Total                                |  41|   0|   41|          0|
    +-------------------------------------+----+----+-----+-----------+



================================================================
== Interface
================================================================
* Summary: 
+---------------------------+-----+-----+------------+--------------------------------------+--------------+
|         RTL Ports         | Dir | Bits|  Protocol  |             Source Object            |    C Type    |
+---------------------------+-----+-----+------------+--------------------------------------+--------------+
|ap_clk                     |  in |    1| ap_ctrl_hs | canny_Mat2AXIvideo<8, 1022, 1022, 0> | return value |
|ap_rst                     |  in |    1| ap_ctrl_hs | canny_Mat2AXIvideo<8, 1022, 1022, 0> | return value |
|ap_start                   |  in |    1| ap_ctrl_hs | canny_Mat2AXIvideo<8, 1022, 1022, 0> | return value |
|ap_done                    | out |    1| ap_ctrl_hs | canny_Mat2AXIvideo<8, 1022, 1022, 0> | return value |
|ap_continue                |  in |    1| ap_ctrl_hs | canny_Mat2AXIvideo<8, 1022, 1022, 0> | return value |
|ap_idle                    | out |    1| ap_ctrl_hs | canny_Mat2AXIvideo<8, 1022, 1022, 0> | return value |
|ap_ready                   | out |    1| ap_ctrl_hs | canny_Mat2AXIvideo<8, 1022, 1022, 0> | return value |
|img_data_stream_V_dout     |  in |    8|   ap_fifo  |           img_data_stream_V          |    pointer   |
|img_data_stream_V_empty_n  |  in |    1|   ap_fifo  |           img_data_stream_V          |    pointer   |
|img_data_stream_V_read     | out |    1|   ap_fifo  |           img_data_stream_V          |    pointer   |
|output_stream_TDATA        | out |    8|    axis    |        AXI_video_strm_V_data_V       |    pointer   |
|output_stream_TVALID       | out |    1|    axis    |        AXI_video_strm_V_dest_V       |    pointer   |
|output_stream_TREADY       |  in |    1|    axis    |        AXI_video_strm_V_dest_V       |    pointer   |
|output_stream_TDEST        | out |    1|    axis    |        AXI_video_strm_V_dest_V       |    pointer   |
|output_stream_TKEEP        | out |    1|    axis    |        AXI_video_strm_V_keep_V       |    pointer   |
|output_stream_TSTRB        | out |    1|    axis    |        AXI_video_strm_V_strb_V       |    pointer   |
|output_stream_TUSER        | out |    1|    axis    |        AXI_video_strm_V_user_V       |    pointer   |
|output_stream_TLAST        | out |    1|    axis    |        AXI_video_strm_V_last_V       |    pointer   |
|output_stream_TID          | out |    1|    axis    |         AXI_video_strm_V_id_V        |    pointer   |
+---------------------------+-----+-----+------------+--------------------------------------+--------------+

