

================================================================
== Vivado HLS Report for 'canny_Filter2D'
================================================================
* Date:           Fri Jul 06 13:00:28 2018

* Version:        2015.4 (Build 1412921 on Wed Nov 18 09:58:55 AM 2015)
* Project:        cannyedge
* Solution:       solution1
* Product family: zynq
* Target device:  xc7z020clg484-1


================================================================
== Performance Estimates
================================================================
+ Timing (ns): 
    * Summary: 
    +--------+-------+----------+------------+
    |  Clock | Target| Estimated| Uncertainty|
    +--------+-------+----------+------------+
    |ap_clk  |   5.00|      4.31|        0.63|
    +--------+-------+----------+------------+

+ Latency (clock cycles): 
    * Summary: 
    +---------+---------+---------+---------+---------+
    |      Latency      |      Interval     | Pipeline|
    |   min   |   max   |   min   |   max   |   Type  |
    +---------+---------+---------+---------+---------+
    |  1069094|  1069094|  1069094|  1069094|   none  |
    +---------+---------+---------+---------+---------+

    + Detail: 
        * Instance: 
        N/A

        * Loop: 
        +---------------+---------+---------+----------+-----------+-----------+------+----------+
        |               |      Latency      | Iteration|  Initiation Interval  | Trip |          |
        |   Loop Name   |   min   |   max   |  Latency |  achieved |   target  | Count| Pipelined|
        +---------------+---------+---------+----------+-----------+-----------+------+----------+
        |- Loop 1       |        0|        0|         1|          -|          -|     1|    no    |
        |- loop_height  |  1069092|  1069092|      1042|          -|          -|  1026|    no    |
        | + loop_width  |     1037|     1037|        13|          1|          1|  1026|    yes   |
        +---------------+---------+---------+----------+-----------+-----------+------+----------+



================================================================
== Utilization Estimates
================================================================
* Summary: 
+-----------------+---------+-------+--------+-------+
|       Name      | BRAM_18K| DSP48E|   FF   |  LUT  |
+-----------------+---------+-------+--------+-------+
|DSP              |        -|      -|       -|      -|
|Expression       |        -|      -|       0|    363|
|FIFO             |        -|      -|       -|      -|
|Instance         |        -|      6|       0|     48|
|Memory           |        3|      -|       0|      0|
|Multiplexer      |        -|      -|       -|     44|
|Register         |        -|      -|     566|     19|
+-----------------+---------+-------+--------+-------+
|Total            |        3|      6|     566|    474|
+-----------------+---------+-------+--------+-------+
|Available        |      280|    220|  106400|  53200|
+-----------------+---------+-------+--------+-------+
|Utilization (%)  |        1|      2|   ~0   |   ~0  |
+-----------------+---------+-------+--------+-------+

+ Detail: 
    * Instance: 
    +-----------------------------+-------------------------+---------+-------+---+----+
    |           Instance          |          Module         | BRAM_18K| DSP48E| FF| LUT|
    +-----------------------------+-------------------------+---------+-------+---+----+
    |canny_mul_2s_8ns_10_3_U47    |canny_mul_2s_8ns_10_3    |        0|      1|  0|   0|
    |canny_mul_2s_8ns_10_3_U48    |canny_mul_2s_8ns_10_3    |        0|      1|  0|   0|
    |canny_mul_2s_8ns_10_3_U50    |canny_mul_2s_8ns_10_3    |        0|      1|  0|   0|
    |canny_mul_3ns_8ns_11_3_U51   |canny_mul_3ns_8ns_11_3   |        0|      1|  0|   0|
    |canny_mul_3s_8ns_11_3_U49    |canny_mul_3s_8ns_11_3    |        0|      1|  0|   0|
    |canny_mul_4ns_8ns_12_3_U52   |canny_mul_4ns_8ns_12_3   |        0|      1|  0|   0|
    |canny_mux_3to1_sel2_8_1_U41  |canny_mux_3to1_sel2_8_1  |        0|      0|  0|   8|
    |canny_mux_3to1_sel2_8_1_U42  |canny_mux_3to1_sel2_8_1  |        0|      0|  0|   8|
    |canny_mux_3to1_sel2_8_1_U43  |canny_mux_3to1_sel2_8_1  |        0|      0|  0|   8|
    |canny_mux_3to1_sel2_8_1_U44  |canny_mux_3to1_sel2_8_1  |        0|      0|  0|   8|
    |canny_mux_3to1_sel2_8_1_U45  |canny_mux_3to1_sel2_8_1  |        0|      0|  0|   8|
    |canny_mux_3to1_sel2_8_1_U46  |canny_mux_3to1_sel2_8_1  |        0|      0|  0|   8|
    +-----------------------------+-------------------------+---------+-------+---+----+
    |Total                        |                         |        0|      6|  0|  48|
    +-----------------------------+-------------------------+---------+-------+---+----+

    * DSP48: 
    N/A

    * Memory: 
    +-----------------+--------------------------------+---------+---+----+------+-----+------+-------------+
    |      Memory     |             Module             | BRAM_18K| FF| LUT| Words| Bits| Banks| W*Bits*Banks|
    +-----------------+--------------------------------+---------+---+----+------+-----+------+-------------+
    |k_buf_0_val_3_U  |canny_Filter2D_1_k_buf_0_val_3  |        1|  0|   0|  1024|    8|     1|         8192|
    |k_buf_0_val_4_U  |canny_Filter2D_1_k_buf_0_val_3  |        1|  0|   0|  1024|    8|     1|         8192|
    |k_buf_0_val_5_U  |canny_Filter2D_1_k_buf_0_val_3  |        1|  0|   0|  1024|    8|     1|         8192|
    +-----------------+--------------------------------+---------+---+----+------+-----+------+-------------+
    |Total            |                                |        3|  0|   0|  3072|   24|     3|        24576|
    +-----------------+--------------------------------+---------+---+----+------+-----+------+-------------+

    * FIFO: 
    N/A

    * Expression: 
    +------------------------------------+----------+-------+---+----+------------+------------+
    |            Variable Name           | Operation| DSP48E| FF| LUT| Bitwidth P0| Bitwidth P1|
    +------------------------------------+----------+-------+---+----+------------+------------+
    |ImagLoc_x_fu_650_p2                 |     +    |      0|  0|  12|           2|          12|
    |i_V_fu_337_p2                       |     +    |      0|  0|  11|          11|           1|
    |j_V_fu_628_p2                       |     +    |      0|  0|  11|          11|           1|
    |p_Val2_13_0_1_fu_1075_p2            |     +    |      0|  0|   6|          11|          11|
    |p_Val2_13_0_2_fu_1084_p2            |     +    |      0|  0|   6|          11|          11|
    |p_Val2_13_1_1_fu_1096_p2            |     +    |      0|  0|  12|          12|          12|
    |p_Val2_4_fu_1126_p2                 |     +    |      0|  0|   6|          12|          12|
    |p_assign_6_1_fu_463_p2              |     +    |      0|  0|  11|           3|          11|
    |p_assign_6_2_fu_489_p2              |     +    |      0|  0|  11|           3|          11|
    |tmp2_fu_1119_p2                     |     +    |      0|  0|   6|          12|          12|
    |tmp3_fu_1114_p2                     |     +    |      0|  0|  11|          11|          11|
    |tmp4_fu_1105_p2                     |     +    |      0|  0|  10|          10|          10|
    |tmp_45_fu_393_p2                    |     +    |      0|  0|  12|           2|          12|
    |p_Val2_s_fu_1055_p2                 |     -    |      0|  0|   9|           1|           9|
    |p_assign_1_fu_688_p2                |     -    |      0|  0|  11|           1|          11|
    |p_assign_2_fu_739_p2                |     -    |      0|  0|  12|          11|          12|
    |p_assign_7_fu_431_p2                |     -    |      0|  0|  11|           1|          11|
    |tmp_130_fu_574_p2                   |     -    |      0|  0|   3|           3|           2|
    |tmp_133_fu_527_p2                   |     -    |      0|  0|   3|           3|           2|
    |col_buf_0_val_0_0_fu_835_p3         |  Select  |      0|  0|   8|           1|           8|
    |col_buf_0_val_1_0_fu_854_p3         |  Select  |      0|  0|   8|           1|           8|
    |col_buf_0_val_2_0_fu_873_p3         |  Select  |      0|  0|   8|           1|           8|
    |p_dst_data_stream_V_din             |  Select  |      0|  0|   8|           1|           8|
    |p_mux_i_i_cast_fu_1170_p3           |  Select  |      0|  0|   2|           1|           2|
    |p_p2_i423_i_fu_441_p3               |  Select  |      0|  0|  12|           1|          12|
    |p_p2_i_i_fu_698_p3                  |  Select  |      0|  0|  12|           1|          12|
    |sel_tmp_fu_748_p3                   |  Select  |      0|  0|  13|           1|          13|
    |src_kernel_win_0_val_0_0_fu_924_p3  |  Select  |      0|  0|   8|           1|           8|
    |src_kernel_win_0_val_1_0_fu_938_p3  |  Select  |      0|  0|   8|           1|           8|
    |src_kernel_win_0_val_2_0_fu_952_p3  |  Select  |      0|  0|   8|           1|           8|
    |tmp_106_fu_586_p3                   |  Select  |      0|  0|   2|           1|           2|
    |tmp_107_fu_593_p3                   |  Select  |      0|  0|   2|           1|           2|
    |tmp_108_fu_598_p3                   |  Select  |      0|  0|   2|           1|           2|
    |tmp_131_fu_579_p3                   |  Select  |      0|  0|   2|           1|           2|
    |tmp_134_fu_533_p3                   |  Select  |      0|  0|   2|           1|           2|
    |tmp_137_fu_551_p3                   |  Select  |      0|  0|   2|           1|           2|
    |x_fu_779_p3                         |  Select  |      0|  0|  13|           1|          13|
    |ap_sig_bdd_1117                     |    and   |      0|  0|   1|           1|           1|
    |ap_sig_bdd_1118                     |    and   |      0|  0|   1|           1|           1|
    |ap_sig_bdd_1120                     |    and   |      0|  0|   1|           1|           1|
    |ap_sig_bdd_1123                     |    and   |      0|  0|   1|           1|           1|
    |ap_sig_bdd_222                      |    and   |      0|  0|   1|           1|           1|
    |or_cond_i422_i_fu_564_p2            |    and   |      0|  0|   1|           1|           1|
    |or_cond_i_fu_716_p2                 |    and   |      0|  0|   1|           1|           1|
    |or_cond_i_i_fu_729_p2               |    and   |      0|  0|   1|           1|           1|
    |overflow_fu_1164_p2                 |    and   |      0|  0|   1|           1|           1|
    |sel_tmp8_fu_766_p2                  |    and   |      0|  0|   1|           1|           1|
    |exitcond1_fu_331_p2                 |   icmp   |      0|  0|   4|          11|          11|
    |exitcond_fu_622_p2                  |   icmp   |      0|  0|   4|          11|          11|
    |icmp4_fu_417_p2                     |   icmp   |      0|  0|   1|           2|           1|
    |icmp5_fu_569_p2                     |   icmp   |      0|  0|   1|           2|           1|
    |icmp6_fu_644_p2                     |   icmp   |      0|  0|   4|          10|           1|
    |icmp7_fu_674_p2                     |   icmp   |      0|  0|   1|           2|           1|
    |icmp8_fu_734_p2                     |   icmp   |      0|  0|   1|           2|           1|
    |icmp_fu_369_p2                      |   icmp   |      0|  0|   4|          10|           1|
    |not_i_i_i_fu_1159_p2                |   icmp   |      0|  0|   2|           4|           1|
    |tmp_208_1_fu_381_p2                 |   icmp   |      0|  0|   4|          11|           1|
    |tmp_43_fu_375_p2                    |   icmp   |      0|  0|   4|          11|           1|
    |tmp_44_fu_387_p2                    |   icmp   |      0|  0|   5|          11|          12|
    |ap_sig_bdd_196                      |    or    |      0|  0|   1|           1|           1|
    |brmerge_fu_772_p2                   |    or    |      0|  0|   1|           1|           1|
    |sel_tmp7_fu_761_p2                  |    or    |      0|  0|   1|           1|           1|
    |tmp_i_i_78_fu_1177_p2               |    or    |      0|  0|   1|           1|           1|
    |col_assign_3_t_fu_818_p2            |    xor   |      0|  0|   2|           2|           2|
    |icmp54_not_fu_756_p2                |    xor   |      0|  0|   2|           1|           2|
    |rev7_fu_724_p2                      |    xor   |      0|  0|   2|           1|           2|
    |rev_fu_559_p2                       |    xor   |      0|  0|   2|           1|           2|
    |row_assign_10_1_t_fu_608_p2         |    xor   |      0|  0|   2|           2|           2|
    |row_assign_10_2_t_fu_613_p2         |    xor   |      0|  0|   2|           2|           2|
    |row_assign_s_fu_603_p2              |    xor   |      0|  0|   2|           2|           2|
    |tmp_136_fu_545_p2                   |    xor   |      0|  0|   2|           2|           2|
    |tmp_38_fu_303_p2                    |    xor   |      0|  0|   2|           1|           2|
    |tmp_i_i_fu_1154_p2                  |    xor   |      0|  0|   2|           1|           2|
    +------------------------------------+----------+-------+---+----+------------+------------+
    |Total                               |          |      0|  0| 363|         265|         371|
    +------------------------------------+----------+-------+---+----+------------+------------+

    * Multiplexer: 
    +------------------------+----+-----------+-----+-----------+
    |          Name          | LUT| Input Size| Bits| Total Bits|
    +------------------------+----+-----------+-----+-----------+
    |ap_NS_fsm               |   2|          8|    1|          8|
    |ap_reg_ppiten_pp0_it1   |   1|          2|    1|          2|
    |ap_reg_ppiten_pp0_it12  |   1|          2|    1|          2|
    |ap_reg_ppiten_pp0_it4   |   1|          2|    1|          2|
    |k_buf_0_val_4_d1        |   8|          3|    8|         24|
    |k_buf_0_val_5_d1        |   8|          3|    8|         24|
    |p_014_0_i_reg_281       |  11|          2|   11|         22|
    |p_027_0_i_reg_292       |  11|          2|   11|         22|
    |tmp_s_reg_270           |   1|          2|    1|          2|
    +------------------------+----+-----------+-----+-----------+
    |Total                   |  44|         26|   43|        108|
    +------------------------+----+-----------+-----+-----------+

    * Register: 
    +--------------------------------------------------+----+----+-----+-----------+
    |                       Name                       | FF | LUT| Bits| Const Bits|
    +--------------------------------------------------+----+----+-----+-----------+
    |ImagLoc_x_reg_1466                                |  12|   0|   12|          0|
    |OP2_V_0_1_cast_reg_1300                           |  10|   0|   10|          0|
    |OP2_V_0_2_cast_reg_1305                           |  10|   0|   10|          0|
    |OP2_V_1_2_cast_reg_1315                           |   4|   0|   12|          8|
    |OP2_V_1_cast_reg_1310                             |  11|   0|   11|          0|
    |OP2_V_2_1_cast_reg_1325                           |   3|   0|   11|          8|
    |OP2_V_2_cast_reg_1320                             |  10|   0|   10|          0|
    |ap_CS_fsm                                         |   7|   0|    7|          0|
    |ap_reg_ppiten_pp0_it0                             |   1|   0|    1|          0|
    |ap_reg_ppiten_pp0_it1                             |   1|   0|    1|          0|
    |ap_reg_ppiten_pp0_it10                            |   1|   0|    1|          0|
    |ap_reg_ppiten_pp0_it11                            |   1|   0|    1|          0|
    |ap_reg_ppiten_pp0_it12                            |   1|   0|    1|          0|
    |ap_reg_ppiten_pp0_it2                             |   1|   0|    1|          0|
    |ap_reg_ppiten_pp0_it3                             |   1|   0|    1|          0|
    |ap_reg_ppiten_pp0_it4                             |   1|   0|    1|          0|
    |ap_reg_ppiten_pp0_it5                             |   1|   0|    1|          0|
    |ap_reg_ppiten_pp0_it6                             |   1|   0|    1|          0|
    |ap_reg_ppiten_pp0_it7                             |   1|   0|    1|          0|
    |ap_reg_ppiten_pp0_it8                             |   1|   0|    1|          0|
    |ap_reg_ppiten_pp0_it9                             |   1|   0|    1|          0|
    |ap_reg_ppstg_brmerge_reg_1513_pp0_it2             |   1|   0|    1|          0|
    |ap_reg_ppstg_isneg_reg_1691_pp0_it11              |   1|   0|    1|          0|
    |ap_reg_ppstg_k_buf_0_val_4_addr_reg_1531_pp0_it3  |  10|   0|   10|          0|
    |ap_reg_ppstg_k_buf_0_val_5_addr_reg_1537_pp0_it3  |  10|   0|   10|          0|
    |ap_reg_ppstg_p_Val2_5_reg_1697_pp0_it11           |   8|   0|    8|          0|
    |ap_reg_ppstg_p_p2_i_i_reg_1484_pp0_it1            |  12|   0|   12|          0|
    |brmerge_reg_1513                                  |   1|   0|    1|          0|
    |col_buf_0_val_0_0_reg_1548                        |   8|   0|    8|          0|
    |col_buf_0_val_1_0_reg_1561                        |   8|   0|    8|          0|
    |col_buf_0_val_2_0_reg_1569                        |   8|   0|    8|          0|
    |exitcond_reg_1457                                 |   1|   0|    1|          0|
    |i_V_reg_1333                                      |  11|   0|   11|          0|
    |icmp4_reg_1372                                    |   1|   0|    1|          0|
    |icmp7_reg_1477                                    |   1|   0|    1|          0|
    |icmp_reg_1347                                     |   1|   0|    1|          0|
    |isneg_reg_1691                                    |   1|   0|    1|          0|
    |k_buf_0_val_3_addr_reg_1525                       |  10|   0|   10|          0|
    |k_buf_0_val_3_load_reg_1543                       |   8|   0|    8|          0|
    |k_buf_0_val_4_addr_reg_1531                       |  10|   0|   10|          0|
    |k_buf_0_val_4_load_reg_1556                       |   8|   0|    8|          0|
    |k_buf_0_val_5_addr_reg_1537                       |  10|   0|   10|          0|
    |or_cond_i_i_reg_1499                              |   1|   0|    1|          0|
    |or_cond_i_reg_1495                                |   1|   0|    1|          0|
    |overflow_reg_1712                                 |   1|   0|    1|          0|
    |p_014_0_i_reg_281                                 |  11|   0|   11|          0|
    |p_027_0_i_reg_292                                 |  11|   0|   11|          0|
    |p_Val2_0_1_reg_1641                               |  10|   0|   10|          0|
    |p_Val2_0_2_reg_1646                               |  10|   0|   10|          0|
    |p_Val2_13_0_2_reg_1656                            |  11|   0|   11|          0|
    |p_Val2_13_1_1_reg_1676                            |  12|   0|   12|          0|
    |p_Val2_1_2_reg_1681                               |  12|   0|   12|          0|
    |p_Val2_1_reg_1661                                 |  11|   0|   11|          0|
    |p_Val2_2_1_reg_1671                               |  11|   0|   11|          0|
    |p_Val2_2_reg_1666                                 |  10|   0|   10|          0|
    |p_Val2_5_reg_1697                                 |   8|   0|    8|          0|
    |p_Val2_s_reg_1636                                 |   9|   0|    9|          0|
    |p_p2_i_i_reg_1484                                 |  12|   0|   12|          0|
    |right_border_buf_0_val_0_1_2_fu_158               |   8|   0|    8|          0|
    |right_border_buf_0_val_0_1_fu_154                 |   8|   0|    8|          0|
    |right_border_buf_0_val_1_1_2_fu_170               |   8|   0|    8|          0|
    |right_border_buf_0_val_1_1_fu_166                 |   8|   0|    8|          0|
    |right_border_buf_0_val_2_1_3_fu_174               |   8|   0|    8|          0|
    |right_border_buf_0_val_2_1_fu_162                 |   8|   0|    8|          0|
    |row_assign_10_1_t_reg_1447                        |   2|   0|    2|          0|
    |row_assign_10_2_t_reg_1452                        |   2|   0|    2|          0|
    |row_assign_s_reg_1442                             |   2|   0|    2|          0|
    |sel_tmp8_reg_1508                                 |   1|   0|    1|          0|
    |sel_tmp_reg_1503                                  |  13|   0|   13|          0|
    |src_kernel_win_0_val_0_0_reg_1583                 |   8|   0|    8|          0|
    |src_kernel_win_0_val_0_1_2_fu_134                 |   8|   0|    8|          0|
    |src_kernel_win_0_val_0_1_fu_130                   |   8|   0|    8|          0|
    |src_kernel_win_0_val_1_0_reg_1589                 |   8|   0|    8|          0|
    |src_kernel_win_0_val_1_1_2_fu_142                 |   8|   0|    8|          0|
    |src_kernel_win_0_val_1_1_fu_138                   |   8|   0|    8|          0|
    |src_kernel_win_0_val_2_0_reg_1595                 |   8|   0|    8|          0|
    |src_kernel_win_0_val_2_1_2_fu_150                 |   8|   0|    8|          0|
    |src_kernel_win_0_val_2_1_2_s_reg_1616             |   8|   0|    8|          0|
    |src_kernel_win_0_val_2_1_fu_146                   |   8|   0|    8|          0|
    |src_kernel_win_0_val_2_1_lo_2_reg_1611            |   8|   0|    8|          0|
    |tmp3_reg_1686                                     |  11|   0|   11|          0|
    |tmp_106_reg_1427                                  |   2|   0|    2|          0|
    |tmp_107_reg_1432                                  |   2|   0|    2|          0|
    |tmp_108_reg_1437                                  |   2|   0|    2|          0|
    |tmp_114_reg_1342                                  |   1|   0|    1|          0|
    |tmp_117_reg_1367                                  |   1|   0|    1|          0|
    |tmp_120_reg_1377                                  |   2|   0|    2|          0|
    |tmp_121_reg_1382                                  |   2|   0|    2|          0|
    |tmp_122_reg_1387                                  |   1|   0|    1|          0|
    |tmp_125_reg_1392                                  |   1|   0|    1|          0|
    |tmp_128_reg_1397                                  |   2|   0|    2|          0|
    |tmp_129_reg_1402                                  |   2|   0|    2|          0|
    |tmp_132_reg_1407                                  |   2|   0|    2|          0|
    |tmp_134_reg_1412                                  |   2|   0|    2|          0|
    |tmp_135_reg_1417                                  |   2|   0|    2|          0|
    |tmp_137_reg_1422                                  |   2|   0|    2|          0|
    |tmp_139_reg_1471                                  |   1|   0|    1|          0|
    |tmp_142_reg_1490                                  |   2|   0|    2|          0|
    |tmp_143_reg_1520                                  |   2|   0|    2|          0|
    |tmp_149_reg_1577                                  |   8|   0|    8|          0|
    |tmp_208_1_reg_1356                                |   1|   0|    1|          0|
    |tmp_43_reg_1352                                   |   1|   0|    1|          0|
    |tmp_44_reg_1360                                   |   1|   0|    1|          0|
    |tmp_70_reg_1702                                   |   4|   0|    4|          0|
    |tmp_i_i_reg_1707                                  |   1|   0|    1|          0|
    |tmp_reg_1338                                      |   1|   0|    1|          0|
    |tmp_s_reg_270                                     |   1|   0|    1|          0|
    |exitcond_reg_1457                                 |   0|   1|    1|          0|
    |or_cond_i_i_reg_1499                              |   0|   1|    1|          0|
    |or_cond_i_reg_1495                                |   0|   1|    1|          0|
    |src_kernel_win_0_val_0_0_reg_1583                 |   0|   8|    8|          0|
    |src_kernel_win_0_val_1_0_reg_1589                 |   0|   8|    8|          0|
    +--------------------------------------------------+----+----+-----+-----------+
    |Total                                             | 566|  19|  601|         16|
    +--------------------------------------------------+----+----+-----+-----------+



================================================================
== Interface
================================================================
* Summary: 
+-----------------------------+-----+-----+------------+-------------------------+--------------+
|          RTL Ports          | Dir | Bits|  Protocol  |      Source Object      |    C Type    |
+-----------------------------+-----+-----+------------+-------------------------+--------------+
|ap_clk                       |  in |    1| ap_ctrl_hs |      canny_Filter2D     | return value |
|ap_rst                       |  in |    1| ap_ctrl_hs |      canny_Filter2D     | return value |
|ap_start                     |  in |    1| ap_ctrl_hs |      canny_Filter2D     | return value |
|ap_done                      | out |    1| ap_ctrl_hs |      canny_Filter2D     | return value |
|ap_idle                      | out |    1| ap_ctrl_hs |      canny_Filter2D     | return value |
|ap_ready                     | out |    1| ap_ctrl_hs |      canny_Filter2D     | return value |
|p_src_data_stream_V_dout     |  in |    8|   ap_fifo  |   p_src_data_stream_V   |    pointer   |
|p_src_data_stream_V_empty_n  |  in |    1|   ap_fifo  |   p_src_data_stream_V   |    pointer   |
|p_src_data_stream_V_read     | out |    1|   ap_fifo  |   p_src_data_stream_V   |    pointer   |
|p_dst_data_stream_V_din      | out |    8|   ap_fifo  |   p_dst_data_stream_V   |    pointer   |
|p_dst_data_stream_V_full_n   |  in |    1|   ap_fifo  |   p_dst_data_stream_V   |    pointer   |
|p_dst_data_stream_V_write    | out |    1|   ap_fifo  |   p_dst_data_stream_V   |    pointer   |
|p_kernel_val_0_V_1_read      |  in |    2|   ap_none  | p_kernel_val_0_V_1_read |    scalar    |
|p_kernel_val_0_V_2_read      |  in |    2|   ap_none  | p_kernel_val_0_V_2_read |    scalar    |
|p_kernel_val_1_V_0_read      |  in |    3|   ap_none  | p_kernel_val_1_V_0_read |    scalar    |
|p_kernel_val_1_V_2_read      |  in |    4|   ap_none  | p_kernel_val_1_V_2_read |    scalar    |
|p_kernel_val_2_V_0_read      |  in |    2|   ap_none  | p_kernel_val_2_V_0_read |    scalar    |
|p_kernel_val_2_V_1_read      |  in |    3|   ap_none  | p_kernel_val_2_V_1_read |    scalar    |
+-----------------------------+-----+-----+------------+-------------------------+--------------+

