

================================================================
== Vivado HLS Report for 'canny_GaussianBlur'
================================================================
* Date:           Fri Jul 06 13:00:26 2018

* Version:        2015.4 (Build 1412921 on Wed Nov 18 09:58:55 AM 2015)
* Project:        cannyedge
* Solution:       solution1
* Product family: zynq
* Target device:  xc7z020clg484-1


================================================================
== Performance Estimates
================================================================
+ Timing (ns): 
    * Summary: 
    +--------+-------+----------+------------+
    |  Clock | Target| Estimated| Uncertainty|
    +--------+-------+----------+------------+
    |ap_clk  |   5.00|      4.11|        0.63|
    +--------+-------+----------+------------+

+ Latency (clock cycles): 
    * Summary: 
    +-----+---------+-----+---------+---------+
    |    Latency    |    Interval   | Pipeline|
    | min |   max   | min |   max   |   Type  |
    +-----+---------+-----+---------+---------+
    |  237|  1070137|  237|  1070137|   none  |
    +-----+---------+-----+---------+---------+

    + Detail: 
        * Instance: 
        +----------------------------+------------------+-----+---------+-----+---------+---------+
        |                            |                  |    Latency    |    Interval   | Pipeline|
        |          Instance          |      Module      | min |   max   | min |   max   |   Type  |
        +----------------------------+------------------+-----+---------+-----+---------+---------+
        |grp_canny_Filter2D_1_fu_32  |canny_Filter2D_1  |  236|  1070136|  236|  1070136|   none  |
        +----------------------------+------------------+-----+---------+-----+---------+---------+

        * Loop: 
        N/A



================================================================
== Utilization Estimates
================================================================
* Summary: 
+-----------------+---------+-------+--------+-------+
|       Name      | BRAM_18K| DSP48E|   FF   |  LUT  |
+-----------------+---------+-------+--------+-------+
|DSP              |        -|      -|       -|      -|
|Expression       |        -|      -|       0|      1|
|FIFO             |        -|      -|       -|      -|
|Instance         |        3|      9|     710|    675|
|Memory           |        -|      -|       -|      -|
|Multiplexer      |        -|      -|       -|      3|
|Register         |        -|      -|      28|      -|
+-----------------+---------+-------+--------+-------+
|Total            |        3|      9|     738|    679|
+-----------------+---------+-------+--------+-------+
|Available        |      280|    220|  106400|  53200|
+-----------------+---------+-------+--------+-------+
|Utilization (%)  |        1|      4|   ~0   |      1|
+-----------------+---------+-------+--------+-------+

+ Detail: 
    * Instance: 
    +----------------------------+------------------+---------+-------+-----+-----+
    |          Instance          |      Module      | BRAM_18K| DSP48E|  FF | LUT |
    +----------------------------+------------------+---------+-------+-----+-----+
    |grp_canny_Filter2D_1_fu_32  |canny_Filter2D_1  |        3|      9|  710|  675|
    +----------------------------+------------------+---------+-------+-----+-----+
    |Total                       |                  |        3|      9|  710|  675|
    +----------------------------+------------------+---------+-------+-----+-----+

    * DSP48: 
    N/A

    * Memory: 
    N/A

    * FIFO: 
    N/A

    * Expression: 
    +---------------+----------+-------+---+----+------------+------------+
    | Variable Name | Operation| DSP48E| FF| LUT| Bitwidth P0| Bitwidth P1|
    +---------------+----------+-------+---+----+------------+------------+
    |ap_sig_bdd_53  |    or    |      0|  0|   1|           1|           1|
    +---------------+----------+-------+---+----+------------+------------+
    |Total          |          |      0|  0|   1|           1|           1|
    +---------------+----------+-------+---+----+------------+------------+

    * Multiplexer: 
    +---------------------------+----+-----------+-----+-----------+
    |            Name           | LUT| Input Size| Bits| Total Bits|
    +---------------------------+----+-----------+-----+-----------+
    |ap_NS_fsm                  |   1|          3|    1|          3|
    |p_dst_data_stream_V_write  |   1|          2|    1|          2|
    |p_src_data_stream_V_read   |   1|          2|    1|          2|
    +---------------------------+----+-----------+-----+-----------+
    |Total                      |   3|          7|    3|          7|
    +---------------------------+----+-----------+-----+-----------+

    * Register: 
    +--------------------------------------------------+----+----+-----+-----------+
    |                       Name                       | FF | LUT| Bits| Const Bits|
    +--------------------------------------------------+----+----+-----+-----------+
    |ap_CS_fsm                                         |   2|   0|    2|          0|
    |ap_done_reg                                       |   1|   0|    1|          0|
    |grp_canny_Filter2D_1_fu_32_ap_start_ap_start_reg  |   1|   0|    1|          0|
    |p_src_cols_V_read_reg_49                          |  12|   0|   12|          0|
    |p_src_rows_V_read_reg_44                          |  12|   0|   12|          0|
    +--------------------------------------------------+----+----+-----+-----------+
    |Total                                             |  28|   0|   28|          0|
    +--------------------------------------------------+----+----+-----+-----------+



================================================================
== Interface
================================================================
* Summary: 
+-----------------------------+-----+-----+------------+---------------------+--------------+
|          RTL Ports          | Dir | Bits|  Protocol  |    Source Object    |    C Type    |
+-----------------------------+-----+-----+------------+---------------------+--------------+
|ap_clk                       |  in |    1| ap_ctrl_hs |  canny_GaussianBlur | return value |
|ap_rst                       |  in |    1| ap_ctrl_hs |  canny_GaussianBlur | return value |
|ap_start                     |  in |    1| ap_ctrl_hs |  canny_GaussianBlur | return value |
|ap_done                      | out |    1| ap_ctrl_hs |  canny_GaussianBlur | return value |
|ap_continue                  |  in |    1| ap_ctrl_hs |  canny_GaussianBlur | return value |
|ap_idle                      | out |    1| ap_ctrl_hs |  canny_GaussianBlur | return value |
|ap_ready                     | out |    1| ap_ctrl_hs |  canny_GaussianBlur | return value |
|p_src_rows_V_dout            |  in |   12|   ap_fifo  |     p_src_rows_V    |    pointer   |
|p_src_rows_V_empty_n         |  in |    1|   ap_fifo  |     p_src_rows_V    |    pointer   |
|p_src_rows_V_read            | out |    1|   ap_fifo  |     p_src_rows_V    |    pointer   |
|p_src_cols_V_dout            |  in |   12|   ap_fifo  |     p_src_cols_V    |    pointer   |
|p_src_cols_V_empty_n         |  in |    1|   ap_fifo  |     p_src_cols_V    |    pointer   |
|p_src_cols_V_read            | out |    1|   ap_fifo  |     p_src_cols_V    |    pointer   |
|p_src_data_stream_V_dout     |  in |    8|   ap_fifo  | p_src_data_stream_V |    pointer   |
|p_src_data_stream_V_empty_n  |  in |    1|   ap_fifo  | p_src_data_stream_V |    pointer   |
|p_src_data_stream_V_read     | out |    1|   ap_fifo  | p_src_data_stream_V |    pointer   |
|p_dst_data_stream_V_din      | out |    8|   ap_fifo  | p_dst_data_stream_V |    pointer   |
|p_dst_data_stream_V_full_n   |  in |    1|   ap_fifo  | p_dst_data_stream_V |    pointer   |
|p_dst_data_stream_V_write    | out |    1|   ap_fifo  | p_dst_data_stream_V |    pointer   |
+-----------------------------+-----+-----+------------+---------------------+--------------+

